ProGuard, version 6.0.3
ProGuard is released under the GNU General Public License. You therefore
must ensure that programs that link to it (a, com.a4455jkjh.b, ...)
carry the GNU General Public License as well. Alternatively, you can
apply for an exception with the author of ProGuard.
Reading program directory [/storage/emulated/0/AppProjects/overtime/app/build/bin/classesrelease_proguard]
Reading program jar [/data/data/com.aide.ui/no_backup/.aide/maven/android/arch/lifecycle/runtime/1.1.0/runtime-1.1.0.tmp.jar]
Reading program jar [/data/data/com.aide.ui/no_backup/.aide/maven/android/arch/lifecycle/common/1.1.0/common-1.1.0.jar]
Reading program jar [/data/data/com.aide.ui/no_backup/.aide/maven/com/android/support/support-annotations/27.1.1/support-annotations-27.1.1.jar]
Reading program jar [/data/data/com.aide.ui/no_backup/.aide/maven/com/android/support/support-compat/27.1.1/support-compat-27.1.1.tmp.jar]
Reading library jar [/data/data/com.aide.ui/no_backup/.aide/android.jar]
Note: android.support.v4.app.NotificationCompatJellybean calls 'Field.getType'
Warning: android.arch.lifecycle.LifecycleRegistry: can't find referenced class android.arch.core.internal.FastSafeIterableMap
Warning: android.arch.lifecycle.LifecycleRegistry: can't find referenced class android.arch.core.internal.FastSafeIterableMap
Warning: android.arch.lifecycle.LifecycleRegistry: can't find referenced class android.arch.core.internal.FastSafeIterableMap
Warning: android.arch.lifecycle.LifecycleRegistry: can't find referenced class android.arch.core.internal.FastSafeIterableMap
Warning: android.arch.lifecycle.LifecycleRegistry: can't find referenced class android.arch.core.internal.FastSafeIterableMap
Warning: android.arch.lifecycle.LifecycleRegistry: can't find referenced class android.arch.core.internal.FastSafeIterableMap
Warning: android.arch.lifecycle.LifecycleRegistry: can't find referenced class android.arch.core.internal.FastSafeIterableMap
Warning: android.arch.lifecycle.LifecycleRegistry: can't find referenced class android.arch.core.internal.FastSafeIterableMap
Warning: android.arch.lifecycle.LifecycleRegistry: can't find referenced class android.arch.core.internal.FastSafeIterableMap
Warning: android.arch.lifecycle.LifecycleRegistry: can't find referenced class android.arch.core.internal.FastSafeIterableMap
Warning: android.arch.lifecycle.LifecycleRegistry: can't find referenced class android.arch.core.internal.FastSafeIterableMap
Warning: android.arch.lifecycle.LifecycleRegistry: can't find referenced class android.arch.core.internal.SafeIterableMap$IteratorWithAdditions
Warning: android.arch.lifecycle.LifecycleRegistry: can't find referenced class android.arch.core.internal.SafeIterableMap
Warning: android.arch.lifecycle.LifecycleRegistry: can't find referenced class android.arch.core.internal.FastSafeIterableMap
Warning: android.arch.lifecycle.LifecycleRegistry: can't find referenced class android.arch.core.internal.FastSafeIterableMap
Note: android.support.v4.graphics.TypefaceCompatApi24Impl: can't find dynamically referenced class android.graphics.FontFamily
Note: android.support.v4.graphics.TypefaceCompatApi26Impl: can't find dynamically referenced class android.graphics.FontFamily
Note: android.support.v4.text.ICUCompat: can't find dynamically referenced class libcore.icu.ICU
Note: android.support.v4.text.ICUCompat: can't find dynamically referenced class libcore.icu.ICU
Note: android.support.v4.widget.TextViewCompat$TextViewCompatApi26Impl$1: can't find dynamically referenced class com.android.internal.view.menu.MenuBuilder
Note: android.support.v4.app.NotificationCompatJellybean accesses a declared field 'icon' dynamically
      Maybe this is program field 'android.support.compat.R$id { int icon; }'
      Maybe this is program field 'android.support.v4.app.NotificationCompat$Action { int icon; }'
      Maybe this is program field 'com.mao.overtime.R$id { int icon; }'
      Maybe this is library field 'android.R$attr { int icon; }'
      Maybe this is library field 'android.R$id { int icon; }'
      Maybe this is library field 'android.app.LauncherActivity$ListItem { android.graphics.drawable.Drawable icon; }'
      Maybe this is library field 'android.app.Notification { int icon; }'
      Maybe this is library field 'android.app.Notification$Action { int icon; }'
      Maybe this is library field 'android.appwidget.AppWidgetProviderInfo { int icon; }'
      Maybe this is library field 'android.content.pm.PackageItemInfo { int icon; }'
      Maybe this is library field 'android.content.pm.ResolveInfo { int icon; }'
      Maybe this is library field 'android.inputmethodservice.Keyboard$Key { android.graphics.drawable.Drawable icon; }'
      Maybe this is library field 'android.service.notification.Condition { int icon; }'
      Maybe this is library field 'android.speech.tts.TextToSpeech$EngineInfo { int icon; }'
Note: android.support.v4.app.NotificationCompatJellybean accesses a declared field 'title' dynamically
      Maybe this is program field 'android.support.compat.R$id { int title; }'
      Maybe this is program field 'android.support.v4.app.NotificationCompat$Action { java.lang.CharSequence title; }'
      Maybe this is program field 'com.mao.overtime.R$id { int title; }'
      Maybe this is library field 'android.R$attr { int title; }'
      Maybe this is library field 'android.R$id { int title; }'
      Maybe this is library field 'android.app.Notification$Action { java.lang.CharSequence title; }'
      Maybe this is library field 'android.preference.PreferenceActivity$Header { java.lang.CharSequence title; }'
Note: android.support.v4.app.NotificationCompatJellybean accesses a declared field 'actionIntent' dynamically
      Maybe this is program field 'android.support.v4.app.NotificationCompat$Action { android.app.PendingIntent actionIntent; }'
      Maybe this is library field 'android.app.Notification$Action { android.app.PendingIntent actionIntent; }'
Note: android.support.v4.app.NotificationManagerCompat accesses a method 'checkOpNoThrow(int,int,java.lang.String)' dynamically
Note: android.support.v4.app.NotificationManagerCompat accesses a declared field 'OP_POST_NOTIFICATION' dynamically
      Maybe this is program field 'android.support.v4.app.NotificationManagerCompat { java.lang.String OP_POST_NOTIFICATION; }'
Note: android.support.v4.graphics.TypefaceCompatApi24Impl accesses a method 'addFontWeightStyle(java.nio.ByteBuffer,int,java.util.List,int,boolean)' dynamically
Note: android.support.v4.graphics.TypefaceCompatApi26Impl accesses a method 'addFontFromAssetManager(android.content.res.AssetManager,java.lang.String,int,boolean,int,int,int,android.graphics.fonts.FontVariationAxis[])' dynamically
Note: android.support.v4.graphics.TypefaceCompatApi26Impl accesses a method 'addFontFromBuffer(java.nio.ByteBuffer,int,android.graphics.fonts.FontVariationAxis[],int,int)' dynamically
Note: android.support.v4.graphics.TypefaceCompatApi26Impl accesses a method 'freeze()' dynamically
      Maybe this is library method 'android.icu.text.Collator { android.icu.text.Collator freeze(); }'
      Maybe this is library method 'android.icu.text.Collator { java.lang.Object freeze(); }'
      Maybe this is library method 'android.icu.text.DateIntervalInfo { android.icu.text.DateIntervalInfo freeze(); }'
      Maybe this is library method 'android.icu.text.DateIntervalInfo { java.lang.Object freeze(); }'
      Maybe this is library method 'android.icu.text.DateTimePatternGenerator { android.icu.text.DateTimePatternGenerator freeze(); }'
      Maybe this is library method 'android.icu.text.DateTimePatternGenerator { java.lang.Object freeze(); }'
      Maybe this is library method 'android.icu.text.MessagePattern { android.icu.text.MessagePattern freeze(); }'
      Maybe this is library method 'android.icu.text.MessagePattern { java.lang.Object freeze(); }'
      Maybe this is library method 'android.icu.text.RuleBasedCollator { android.icu.text.Collator freeze(); }'
      Maybe this is library method 'android.icu.text.RuleBasedCollator { java.lang.Object freeze(); }'
      Maybe this is library method 'android.icu.text.TimeZoneFormat { android.icu.text.TimeZoneFormat freeze(); }'
      Maybe this is library method 'android.icu.text.TimeZoneFormat { java.lang.Object freeze(); }'
      Maybe this is library method 'android.icu.text.UnicodeSet { android.icu.text.UnicodeSet freeze(); }'
      Maybe this is library method 'android.icu.text.UnicodeSet { java.lang.Object freeze(); }'
      Maybe this is library method 'android.icu.util.Freezable { java.lang.Object freeze(); }'
      Maybe this is library method 'android.icu.util.TimeZone { android.icu.util.TimeZone freeze(); }'
      Maybe this is library method 'android.icu.util.TimeZone { java.lang.Object freeze(); }'
Note: android.support.v4.graphics.TypefaceCompatApi26Impl accesses a method 'abortCreation()' dynamically
Note: android.support.v4.text.ICUCompat accesses a method 'addLikelySubtags(java.util.Locale)' dynamically
      Maybe this is program method 'android.support.v4.text.ICUCompat { java.lang.String addLikelySubtags(java.util.Locale); }'
Note: android.support.v4.text.ICUCompat accesses a method 'getScript(java.lang.String)' dynamically
      Maybe this is program method 'android.support.v4.text.ICUCompat { java.lang.String getScript(java.lang.String); }'
      Maybe this is library method 'android.icu.util.ULocale { java.lang.String getScript(java.lang.String); }'
Note: android.support.v4.text.ICUCompat accesses a method 'addLikelySubtags(java.lang.String)' dynamically
Note: android.support.v4.widget.TextViewCompat$TextViewCompatApi26Impl$1 accesses a declared method 'removeItemAt(int)' dynamically
Note: android.support.v4.widget.TextViewCompat$TextViewCompatApi26Impl$1 accesses a declared method 'removeItemAt(int)' dynamically
Note: there were 1 classes trying to access generic signatures using reflection.
      You should consider keeping the signature attributes
      (using '-keepattributes Signature').
      (http://proguard.sourceforge.net/manual/troubleshooting.html#attributes)
Note: there were 5 unresolved dynamic references to classes or interfaces.
      You should check if you need to specify additional program jars.
      (http://proguard.sourceforge.net/manual/troubleshooting.html#dynamicalclass)
Note: there were 15 accesses to class members by means of introspection.
      You should consider explicitly keeping the mentioned class members
      (using '-keep' or '-keepclassmembers').
      (http://proguard.sourceforge.net/manual/troubleshooting.html#dynamicalclassmember)
Warning: there were 15 unresolved references to classes or interfaces.
         You may need to add missing library jars or update their versions.
         If your code works fine without the missing classes, you can suppress
         the warnings with '-dontwarn' options.
         (http://proguard.sourceforge.net/manual/troubleshooting.html#unresolvedclass)
